PyTorch Version:  1.12.1
Torchvision Version:  0.13.1
The selected epochs is: 30
The selected feature_extract is: False
The selected use_pretrained is: True
The selected mode is: fine_tuning
The selected device is: cuda:1
VGG(
  (features): Sequential(
    (0): Conv2d(3, 64, kernel_size=(3, 3), stride=(1, 1), padding=(1, 1))
    (1): BatchNorm2d(64, eps=1e-05, momentum=0.1, affine=True, track_running_stats=True)
    (2): ReLU(inplace=True)
    (3): Conv2d(64, 64, kernel_size=(3, 3), stride=(1, 1), padding=(1, 1))
    (4): BatchNorm2d(64, eps=1e-05, momentum=0.1, affine=True, track_running_stats=True)
    (5): ReLU(inplace=True)
    (6): MaxPool2d(kernel_size=2, stride=2, padding=0, dilation=1, ceil_mode=False)
    (7): Conv2d(64, 128, kernel_size=(3, 3), stride=(1, 1), padding=(1, 1))
    (8): BatchNorm2d(128, eps=1e-05, momentum=0.1, affine=True, track_running_stats=True)
    (9): ReLU(inplace=True)
    (10): Conv2d(128, 128, kernel_size=(3, 3), stride=(1, 1), padding=(1, 1))
    (11): BatchNorm2d(128, eps=1e-05, momentum=0.1, affine=True, track_running_stats=True)
    (12): ReLU(inplace=True)
    (13): MaxPool2d(kernel_size=2, stride=2, padding=0, dilation=1, ceil_mode=False)
    (14): Conv2d(128, 256, kernel_size=(3, 3), stride=(1, 1), padding=(1, 1))
    (15): BatchNorm2d(256, eps=1e-05, momentum=0.1, affine=True, track_running_stats=True)
    (16): ReLU(inplace=True)
    (17): Conv2d(256, 256, kernel_size=(3, 3), stride=(1, 1), padding=(1, 1))
    (18): BatchNorm2d(256, eps=1e-05, momentum=0.1, affine=True, track_running_stats=True)
    (19): ReLU(inplace=True)
    (20): Conv2d(256, 256, kernel_size=(3, 3), stride=(1, 1), padding=(1, 1))
    (21): BatchNorm2d(256, eps=1e-05, momentum=0.1, affine=True, track_running_stats=True)
    (22): ReLU(inplace=True)
    (23): MaxPool2d(kernel_size=2, stride=2, padding=0, dilation=1, ceil_mode=False)
    (24): Conv2d(256, 512, kernel_size=(3, 3), stride=(1, 1), padding=(1, 1))
    (25): BatchNorm2d(512, eps=1e-05, momentum=0.1, affine=True, track_running_stats=True)
    (26): ReLU(inplace=True)
    (27): Conv2d(512, 512, kernel_size=(3, 3), stride=(1, 1), padding=(1, 1))
    (28): BatchNorm2d(512, eps=1e-05, momentum=0.1, affine=True, track_running_stats=True)
    (29): ReLU(inplace=True)
    (30): Conv2d(512, 512, kernel_size=(3, 3), stride=(1, 1), padding=(1, 1))
    (31): BatchNorm2d(512, eps=1e-05, momentum=0.1, affine=True, track_running_stats=True)
    (32): ReLU(inplace=True)
    (33): MaxPool2d(kernel_size=2, stride=2, padding=0, dilation=1, ceil_mode=False)
    (34): Conv2d(512, 512, kernel_size=(3, 3), stride=(1, 1), padding=(1, 1))
    (35): BatchNorm2d(512, eps=1e-05, momentum=0.1, affine=True, track_running_stats=True)
    (36): ReLU(inplace=True)
    (37): Conv2d(512, 512, kernel_size=(3, 3), stride=(1, 1), padding=(1, 1))
    (38): BatchNorm2d(512, eps=1e-05, momentum=0.1, affine=True, track_running_stats=True)
    (39): ReLU(inplace=True)
    (40): Conv2d(512, 512, kernel_size=(3, 3), stride=(1, 1), padding=(1, 1))
    (41): BatchNorm2d(512, eps=1e-05, momentum=0.1, affine=True, track_running_stats=True)
    (42): ReLU(inplace=True)
    (43): MaxPool2d(kernel_size=2, stride=2, padding=0, dilation=1, ceil_mode=False)
  )
  (avgpool): AdaptiveAvgPool2d(output_size=(7, 7))
  (classifier): Sequential(
    (0): Linear(in_features=25088, out_features=4096, bias=True)
    (1): ReLU(inplace=True)
    (2): Dropout(p=0.5, inplace=False)
    (3): Linear(in_features=4096, out_features=4096, bias=True)
    (4): ReLU(inplace=True)
    (5): Dropout(p=0.5, inplace=False)
    (6): Linear(in_features=4096, out_features=39, bias=True)
  )
)
Params to learn:
	 features.0.weight
	 features.0.bias
	 features.1.weight
	 features.1.bias
	 features.3.weight
	 features.3.bias
	 features.4.weight
	 features.4.bias
	 features.7.weight
	 features.7.bias
	 features.8.weight
	 features.8.bias
	 features.10.weight
	 features.10.bias
	 features.11.weight
	 features.11.bias
	 features.14.weight
	 features.14.bias
	 features.15.weight
	 features.15.bias
	 features.17.weight
	 features.17.bias
	 features.18.weight
	 features.18.bias
	 features.20.weight
	 features.20.bias
	 features.21.weight
	 features.21.bias
	 features.24.weight
	 features.24.bias
	 features.25.weight
	 features.25.bias
	 features.27.weight
	 features.27.bias
	 features.28.weight
	 features.28.bias
	 features.30.weight
	 features.30.bias
	 features.31.weight
	 features.31.bias
	 features.34.weight
	 features.34.bias
	 features.35.weight
	 features.35.bias
	 features.37.weight
	 features.37.bias
	 features.38.weight
	 features.38.bias
	 features.40.weight
	 features.40.bias
	 features.41.weight
	 features.41.bias
	 classifier.0.weight
	 classifier.0.bias
	 classifier.3.weight
	 classifier.3.bias
	 classifier.6.weight
	 classifier.6.bias
Epoch 0/29
----------
fine_tuning ---> train Loss: 0.4030 Acc: 0.6809
fine_tuning ---> val Loss: 0.0322 Acc: 0.1896

Epoch 1/29
----------
fine_tuning ---> train Loss: 0.1792 Acc: 0.7434
fine_tuning ---> val Loss: 0.0248 Acc: 0.1923

Epoch 2/29
----------
fine_tuning ---> train Loss: 0.1377 Acc: 0.7574
fine_tuning ---> val Loss: 0.0196 Acc: 0.1939

Epoch 3/29
----------
fine_tuning ---> train Loss: 0.1179 Acc: 0.7621
fine_tuning ---> val Loss: 0.0174 Acc: 0.1943

Epoch 4/29
----------
fine_tuning ---> train Loss: 0.1041 Acc: 0.7668
fine_tuning ---> val Loss: 0.0173 Acc: 0.1945

Epoch 5/29
----------
fine_tuning ---> train Loss: 0.0939 Acc: 0.7704
fine_tuning ---> val Loss: 0.0147 Acc: 0.1952

Epoch 6/29
----------
fine_tuning ---> train Loss: 0.0865 Acc: 0.7721
fine_tuning ---> val Loss: 0.0172 Acc: 0.1944

Epoch 7/29
----------
fine_tuning ---> train Loss: 0.0819 Acc: 0.7734
fine_tuning ---> val Loss: 0.0138 Acc: 0.1955

Epoch 8/29
----------
fine_tuning ---> train Loss: 0.0775 Acc: 0.7752
fine_tuning ---> val Loss: 0.0111 Acc: 0.1967

Epoch 9/29
----------
fine_tuning ---> train Loss: 0.0696 Acc: 0.7773
fine_tuning ---> val Loss: 0.0132 Acc: 0.1954

Epoch 10/29
----------
fine_tuning ---> train Loss: 0.0647 Acc: 0.7797
fine_tuning ---> val Loss: 0.0140 Acc: 0.1956

Epoch 11/29
----------
fine_tuning ---> train Loss: 0.0646 Acc: 0.7794
fine_tuning ---> val Loss: 0.0115 Acc: 0.1963

Epoch 12/29
----------
fine_tuning ---> train Loss: 0.0614 Acc: 0.7804
fine_tuning ---> val Loss: 0.0115 Acc: 0.1963

Epoch 13/29
----------
fine_tuning ---> train Loss: 0.0568 Acc: 0.7815
fine_tuning ---> val Loss: 0.0110 Acc: 0.1964

Epoch 14/29
----------
fine_tuning ---> train Loss: 0.0566 Acc: 0.7822
fine_tuning ---> val Loss: 0.0104 Acc: 0.1967

Epoch 15/29
----------
fine_tuning ---> train Loss: 0.0554 Acc: 0.7824
fine_tuning ---> val Loss: 0.0098 Acc: 0.1967

Epoch 16/29
----------
fine_tuning ---> train Loss: 0.0526 Acc: 0.7830
fine_tuning ---> val Loss: 0.0094 Acc: 0.1971

Epoch 17/29
----------
fine_tuning ---> train Loss: 0.0492 Acc: 0.7839
fine_tuning ---> val Loss: 0.0115 Acc: 0.1965

Epoch 18/29
----------
fine_tuning ---> train Loss: 0.0503 Acc: 0.7837
fine_tuning ---> val Loss: 0.0095 Acc: 0.1970

Epoch 19/29
----------
fine_tuning ---> train Loss: 0.0479 Acc: 0.7841
fine_tuning ---> val Loss: 0.0089 Acc: 0.1971

Epoch 20/29
----------
fine_tuning ---> train Loss: 0.0472 Acc: 0.7849
fine_tuning ---> val Loss: 0.0085 Acc: 0.1976

Epoch 21/29
----------
fine_tuning ---> train Loss: 0.0465 Acc: 0.7856
fine_tuning ---> val Loss: 0.0099 Acc: 0.1968

Epoch 22/29
----------
fine_tuning ---> train Loss: 0.0456 Acc: 0.7861
fine_tuning ---> val Loss: 0.0092 Acc: 0.1970

Epoch 23/29
----------
fine_tuning ---> train Loss: 0.0442 Acc: 0.7854
fine_tuning ---> val Loss: 0.0085 Acc: 0.1973

Epoch 24/29
----------
fine_tuning ---> train Loss: 0.0426 Acc: 0.7865
fine_tuning ---> val Loss: 0.0093 Acc: 0.1972

Epoch 25/29
----------
fine_tuning ---> train Loss: 0.0442 Acc: 0.7855
fine_tuning ---> val Loss: 0.0080 Acc: 0.1975

Epoch 26/29
----------
fine_tuning ---> train Loss: 0.0434 Acc: 0.7863
fine_tuning ---> val Loss: 0.0102 Acc: 0.1969

Epoch 27/29
----------
fine_tuning ---> train Loss: 0.0425 Acc: 0.7864
fine_tuning ---> val Loss: 0.0074 Acc: 0.1978

Epoch 28/29
----------
fine_tuning ---> train Loss: 0.0399 Acc: 0.7875
fine_tuning ---> val Loss: 0.0087 Acc: 0.1972

Epoch 29/29
----------
fine_tuning ---> train Loss: 0.0388 Acc: 0.7878
fine_tuning ---> val Loss: 0.0076 Acc: 0.1979

fine_tuning ---> Training complete in 391m 2s
fine_tuning ---> Best val Acc: 0.197897
############################################## fine_tuning ###############################################################
