PyTorch Version:  1.12.1
Torchvision Version:  0.13.1
The selected epochs is: 30
The selected feature_extract is: False
The selected use_pretrained is: True
The selected mode is: fine_tuning
The selected device is: cuda:1
VGG(
  (features): Sequential(
    (0): Conv2d(3, 64, kernel_size=(3, 3), stride=(1, 1), padding=(1, 1))
    (1): BatchNorm2d(64, eps=1e-05, momentum=0.1, affine=True, track_running_stats=True)
    (2): ReLU(inplace=True)
    (3): Conv2d(64, 64, kernel_size=(3, 3), stride=(1, 1), padding=(1, 1))
    (4): BatchNorm2d(64, eps=1e-05, momentum=0.1, affine=True, track_running_stats=True)
    (5): ReLU(inplace=True)
    (6): MaxPool2d(kernel_size=2, stride=2, padding=0, dilation=1, ceil_mode=False)
    (7): Conv2d(64, 128, kernel_size=(3, 3), stride=(1, 1), padding=(1, 1))
    (8): BatchNorm2d(128, eps=1e-05, momentum=0.1, affine=True, track_running_stats=True)
    (9): ReLU(inplace=True)
    (10): Conv2d(128, 128, kernel_size=(3, 3), stride=(1, 1), padding=(1, 1))
    (11): BatchNorm2d(128, eps=1e-05, momentum=0.1, affine=True, track_running_stats=True)
    (12): ReLU(inplace=True)
    (13): MaxPool2d(kernel_size=2, stride=2, padding=0, dilation=1, ceil_mode=False)
    (14): Conv2d(128, 256, kernel_size=(3, 3), stride=(1, 1), padding=(1, 1))
    (15): BatchNorm2d(256, eps=1e-05, momentum=0.1, affine=True, track_running_stats=True)
    (16): ReLU(inplace=True)
    (17): Conv2d(256, 256, kernel_size=(3, 3), stride=(1, 1), padding=(1, 1))
    (18): BatchNorm2d(256, eps=1e-05, momentum=0.1, affine=True, track_running_stats=True)
    (19): ReLU(inplace=True)
    (20): Conv2d(256, 256, kernel_size=(3, 3), stride=(1, 1), padding=(1, 1))
    (21): BatchNorm2d(256, eps=1e-05, momentum=0.1, affine=True, track_running_stats=True)
    (22): ReLU(inplace=True)
    (23): MaxPool2d(kernel_size=2, stride=2, padding=0, dilation=1, ceil_mode=False)
    (24): Conv2d(256, 512, kernel_size=(3, 3), stride=(1, 1), padding=(1, 1))
    (25): BatchNorm2d(512, eps=1e-05, momentum=0.1, affine=True, track_running_stats=True)
    (26): ReLU(inplace=True)
    (27): Conv2d(512, 512, kernel_size=(3, 3), stride=(1, 1), padding=(1, 1))
    (28): BatchNorm2d(512, eps=1e-05, momentum=0.1, affine=True, track_running_stats=True)
    (29): ReLU(inplace=True)
    (30): Conv2d(512, 512, kernel_size=(3, 3), stride=(1, 1), padding=(1, 1))
    (31): BatchNorm2d(512, eps=1e-05, momentum=0.1, affine=True, track_running_stats=True)
    (32): ReLU(inplace=True)
    (33): MaxPool2d(kernel_size=2, stride=2, padding=0, dilation=1, ceil_mode=False)
    (34): Conv2d(512, 512, kernel_size=(3, 3), stride=(1, 1), padding=(1, 1))
    (35): BatchNorm2d(512, eps=1e-05, momentum=0.1, affine=True, track_running_stats=True)
    (36): ReLU(inplace=True)
    (37): Conv2d(512, 512, kernel_size=(3, 3), stride=(1, 1), padding=(1, 1))
    (38): BatchNorm2d(512, eps=1e-05, momentum=0.1, affine=True, track_running_stats=True)
    (39): ReLU(inplace=True)
    (40): Conv2d(512, 512, kernel_size=(3, 3), stride=(1, 1), padding=(1, 1))
    (41): BatchNorm2d(512, eps=1e-05, momentum=0.1, affine=True, track_running_stats=True)
    (42): ReLU(inplace=True)
    (43): MaxPool2d(kernel_size=2, stride=2, padding=0, dilation=1, ceil_mode=False)
  )
  (avgpool): AdaptiveAvgPool2d(output_size=(7, 7))
  (classifier): Sequential(
    (0): Linear(in_features=25088, out_features=4096, bias=True)
    (1): ReLU(inplace=True)
    (2): Dropout(p=0.5, inplace=False)
    (3): Linear(in_features=4096, out_features=4096, bias=True)
    (4): ReLU(inplace=True)
    (5): Dropout(p=0.5, inplace=False)
    (6): Linear(in_features=4096, out_features=39, bias=True)
  )
)
Params to learn:
	 features.0.weight
	 features.0.bias
	 features.1.weight
	 features.1.bias
	 features.3.weight
	 features.3.bias
	 features.4.weight
	 features.4.bias
	 features.7.weight
	 features.7.bias
	 features.8.weight
	 features.8.bias
	 features.10.weight
	 features.10.bias
	 features.11.weight
	 features.11.bias
	 features.14.weight
	 features.14.bias
	 features.15.weight
	 features.15.bias
	 features.17.weight
	 features.17.bias
	 features.18.weight
	 features.18.bias
	 features.20.weight
	 features.20.bias
	 features.21.weight
	 features.21.bias
	 features.24.weight
	 features.24.bias
	 features.25.weight
	 features.25.bias
	 features.27.weight
	 features.27.bias
	 features.28.weight
	 features.28.bias
	 features.30.weight
	 features.30.bias
	 features.31.weight
	 features.31.bias
	 features.34.weight
	 features.34.bias
	 features.35.weight
	 features.35.bias
	 features.37.weight
	 features.37.bias
	 features.38.weight
	 features.38.bias
	 features.40.weight
	 features.40.bias
	 features.41.weight
	 features.41.bias
	 classifier.0.weight
	 classifier.0.bias
	 classifier.3.weight
	 classifier.3.bias
	 classifier.6.weight
	 classifier.6.bias
Epoch 0/29
----------
fine_tuning ---> train Loss: 0.5437 Acc: 0.8383
fine_tuning ---> val Loss: 0.1875 Acc: 0.9442

Epoch 1/29
----------
fine_tuning ---> train Loss: 0.2544 Acc: 0.9211
fine_tuning ---> val Loss: 0.1428 Acc: 0.9549

Epoch 2/29
----------
fine_tuning ---> train Loss: 0.2003 Acc: 0.9386
fine_tuning ---> val Loss: 0.0898 Acc: 0.9727

Epoch 3/29
----------
fine_tuning ---> train Loss: 0.1644 Acc: 0.9492
fine_tuning ---> val Loss: 0.0831 Acc: 0.9741

Epoch 4/29
----------
fine_tuning ---> train Loss: 0.1456 Acc: 0.9538
fine_tuning ---> val Loss: 0.1098 Acc: 0.9675

Epoch 5/29
----------
fine_tuning ---> train Loss: 0.1278 Acc: 0.9604
fine_tuning ---> val Loss: 0.0788 Acc: 0.9762

Epoch 6/29
----------
fine_tuning ---> train Loss: 0.1224 Acc: 0.9617
fine_tuning ---> val Loss: 0.0752 Acc: 0.9766

Epoch 7/29
----------
fine_tuning ---> train Loss: 0.1122 Acc: 0.9651
fine_tuning ---> val Loss: 0.0874 Acc: 0.9732

Epoch 8/29
----------
fine_tuning ---> train Loss: 0.1025 Acc: 0.9674
fine_tuning ---> val Loss: 0.0727 Acc: 0.9777

Epoch 9/29
----------
fine_tuning ---> train Loss: 0.0933 Acc: 0.9706
fine_tuning ---> val Loss: 0.0686 Acc: 0.9788

Epoch 10/29
----------
fine_tuning ---> train Loss: 0.0934 Acc: 0.9705
fine_tuning ---> val Loss: 0.0605 Acc: 0.9809

Epoch 11/29
----------
fine_tuning ---> train Loss: 0.0888 Acc: 0.9717
fine_tuning ---> val Loss: 0.0758 Acc: 0.9790

Epoch 12/29
----------
fine_tuning ---> train Loss: 0.0892 Acc: 0.9714
fine_tuning ---> val Loss: 0.0544 Acc: 0.9822

Epoch 13/29
----------
fine_tuning ---> train Loss: 0.0796 Acc: 0.9749
fine_tuning ---> val Loss: 0.0584 Acc: 0.9823

Epoch 14/29
----------
fine_tuning ---> train Loss: 0.0791 Acc: 0.9746
fine_tuning ---> val Loss: 0.0592 Acc: 0.9827

Epoch 15/29
----------
fine_tuning ---> train Loss: 0.0757 Acc: 0.9756
fine_tuning ---> val Loss: 0.0579 Acc: 0.9821

Epoch 16/29
----------
fine_tuning ---> train Loss: 0.0726 Acc: 0.9767
fine_tuning ---> val Loss: 0.0524 Acc: 0.9836

Epoch 17/29
----------
fine_tuning ---> train Loss: 0.0671 Acc: 0.9783
fine_tuning ---> val Loss: 0.0523 Acc: 0.9840

Epoch 18/29
----------
fine_tuning ---> train Loss: 0.0686 Acc: 0.9782
fine_tuning ---> val Loss: 0.0503 Acc: 0.9838

Epoch 19/29
----------
fine_tuning ---> train Loss: 0.0679 Acc: 0.9787
fine_tuning ---> val Loss: 0.0562 Acc: 0.9824

Epoch 20/29
----------
fine_tuning ---> train Loss: 0.0650 Acc: 0.9795
fine_tuning ---> val Loss: 0.0503 Acc: 0.9847

Epoch 21/29
----------
fine_tuning ---> train Loss: 0.0658 Acc: 0.9786
fine_tuning ---> val Loss: 0.0547 Acc: 0.9841

Epoch 22/29
----------
fine_tuning ---> train Loss: 0.0654 Acc: 0.9792
fine_tuning ---> val Loss: 0.0467 Acc: 0.9851

Epoch 23/29
----------
fine_tuning ---> train Loss: 0.0593 Acc: 0.9810
fine_tuning ---> val Loss: 0.0493 Acc: 0.9861

Epoch 24/29
----------
fine_tuning ---> train Loss: 0.0591 Acc: 0.9810
fine_tuning ---> val Loss: 0.0527 Acc: 0.9851

Epoch 25/29
----------
fine_tuning ---> train Loss: 0.0601 Acc: 0.9805
fine_tuning ---> val Loss: 0.0477 Acc: 0.9862

Epoch 26/29
----------
fine_tuning ---> train Loss: 0.0590 Acc: 0.9821
fine_tuning ---> val Loss: 0.0511 Acc: 0.9839

Epoch 27/29
----------
fine_tuning ---> train Loss: 0.0527 Acc: 0.9832
fine_tuning ---> val Loss: 0.0391 Acc: 0.9875

Epoch 28/29
----------
fine_tuning ---> train Loss: 0.0553 Acc: 0.9822
fine_tuning ---> val Loss: 0.0446 Acc: 0.9856

Epoch 29/29
----------
fine_tuning ---> train Loss: 0.0556 Acc: 0.9826
fine_tuning ---> val Loss: 0.0417 Acc: 0.9877

fine_tuning ---> Training complete in 388m 20s
fine_tuning ---> Best val Acc: 0.987737
############################################## fine_tuning ###############################################################
