PyTorch Version:  1.12.1
Torchvision Version:  0.13.1
The selected epochs is: 100
The selected feature_extract is: False
The selected use_pretrained is: False
The selected mode is: from_scratch
The selected device is: cuda:1
VGG(
  (features): Sequential(
    (0): Conv2d(3, 64, kernel_size=(3, 3), stride=(1, 1), padding=(1, 1))
    (1): BatchNorm2d(64, eps=1e-05, momentum=0.1, affine=True, track_running_stats=True)
    (2): ReLU(inplace=True)
    (3): Conv2d(64, 64, kernel_size=(3, 3), stride=(1, 1), padding=(1, 1))
    (4): BatchNorm2d(64, eps=1e-05, momentum=0.1, affine=True, track_running_stats=True)
    (5): ReLU(inplace=True)
    (6): MaxPool2d(kernel_size=2, stride=2, padding=0, dilation=1, ceil_mode=False)
    (7): Conv2d(64, 128, kernel_size=(3, 3), stride=(1, 1), padding=(1, 1))
    (8): BatchNorm2d(128, eps=1e-05, momentum=0.1, affine=True, track_running_stats=True)
    (9): ReLU(inplace=True)
    (10): Conv2d(128, 128, kernel_size=(3, 3), stride=(1, 1), padding=(1, 1))
    (11): BatchNorm2d(128, eps=1e-05, momentum=0.1, affine=True, track_running_stats=True)
    (12): ReLU(inplace=True)
    (13): MaxPool2d(kernel_size=2, stride=2, padding=0, dilation=1, ceil_mode=False)
    (14): Conv2d(128, 256, kernel_size=(3, 3), stride=(1, 1), padding=(1, 1))
    (15): BatchNorm2d(256, eps=1e-05, momentum=0.1, affine=True, track_running_stats=True)
    (16): ReLU(inplace=True)
    (17): Conv2d(256, 256, kernel_size=(3, 3), stride=(1, 1), padding=(1, 1))
    (18): BatchNorm2d(256, eps=1e-05, momentum=0.1, affine=True, track_running_stats=True)
    (19): ReLU(inplace=True)
    (20): Conv2d(256, 256, kernel_size=(3, 3), stride=(1, 1), padding=(1, 1))
    (21): BatchNorm2d(256, eps=1e-05, momentum=0.1, affine=True, track_running_stats=True)
    (22): ReLU(inplace=True)
    (23): MaxPool2d(kernel_size=2, stride=2, padding=0, dilation=1, ceil_mode=False)
    (24): Conv2d(256, 512, kernel_size=(3, 3), stride=(1, 1), padding=(1, 1))
    (25): BatchNorm2d(512, eps=1e-05, momentum=0.1, affine=True, track_running_stats=True)
    (26): ReLU(inplace=True)
    (27): Conv2d(512, 512, kernel_size=(3, 3), stride=(1, 1), padding=(1, 1))
    (28): BatchNorm2d(512, eps=1e-05, momentum=0.1, affine=True, track_running_stats=True)
    (29): ReLU(inplace=True)
    (30): Conv2d(512, 512, kernel_size=(3, 3), stride=(1, 1), padding=(1, 1))
    (31): BatchNorm2d(512, eps=1e-05, momentum=0.1, affine=True, track_running_stats=True)
    (32): ReLU(inplace=True)
    (33): MaxPool2d(kernel_size=2, stride=2, padding=0, dilation=1, ceil_mode=False)
    (34): Conv2d(512, 512, kernel_size=(3, 3), stride=(1, 1), padding=(1, 1))
    (35): BatchNorm2d(512, eps=1e-05, momentum=0.1, affine=True, track_running_stats=True)
    (36): ReLU(inplace=True)
    (37): Conv2d(512, 512, kernel_size=(3, 3), stride=(1, 1), padding=(1, 1))
    (38): BatchNorm2d(512, eps=1e-05, momentum=0.1, affine=True, track_running_stats=True)
    (39): ReLU(inplace=True)
    (40): Conv2d(512, 512, kernel_size=(3, 3), stride=(1, 1), padding=(1, 1))
    (41): BatchNorm2d(512, eps=1e-05, momentum=0.1, affine=True, track_running_stats=True)
    (42): ReLU(inplace=True)
    (43): MaxPool2d(kernel_size=2, stride=2, padding=0, dilation=1, ceil_mode=False)
  )
  (avgpool): AdaptiveAvgPool2d(output_size=(7, 7))
  (classifier): Sequential(
    (0): Linear(in_features=25088, out_features=4096, bias=True)
    (1): ReLU(inplace=True)
    (2): Dropout(p=0.5, inplace=False)
    (3): Linear(in_features=4096, out_features=4096, bias=True)
    (4): ReLU(inplace=True)
    (5): Dropout(p=0.5, inplace=False)
    (6): Linear(in_features=4096, out_features=39, bias=True)
  )
)
Params to learn:
	 features.0.weight
	 features.0.bias
	 features.1.weight
	 features.1.bias
	 features.3.weight
	 features.3.bias
	 features.4.weight
	 features.4.bias
	 features.7.weight
	 features.7.bias
	 features.8.weight
	 features.8.bias
	 features.10.weight
	 features.10.bias
	 features.11.weight
	 features.11.bias
	 features.14.weight
	 features.14.bias
	 features.15.weight
	 features.15.bias
	 features.17.weight
	 features.17.bias
	 features.18.weight
	 features.18.bias
	 features.20.weight
	 features.20.bias
	 features.21.weight
	 features.21.bias
	 features.24.weight
	 features.24.bias
	 features.25.weight
	 features.25.bias
	 features.27.weight
	 features.27.bias
	 features.28.weight
	 features.28.bias
	 features.30.weight
	 features.30.bias
	 features.31.weight
	 features.31.bias
	 features.34.weight
	 features.34.bias
	 features.35.weight
	 features.35.bias
	 features.37.weight
	 features.37.bias
	 features.38.weight
	 features.38.bias
	 features.40.weight
	 features.40.bias
	 features.41.weight
	 features.41.bias
	 classifier.0.weight
	 classifier.0.bias
	 classifier.3.weight
	 classifier.3.bias
	 classifier.6.weight
	 classifier.6.bias
Epoch 0/99
----------
from_scratch ---> train Loss: 2.0794 Acc: 0.4355
from_scratch ---> val Loss: 1.2124 Acc: 0.6448

Epoch 1/99
----------
from_scratch ---> train Loss: 1.3540 Acc: 0.6069
from_scratch ---> val Loss: 0.8515 Acc: 0.7585

Epoch 2/99
----------
from_scratch ---> train Loss: 1.0309 Acc: 0.6955
from_scratch ---> val Loss: 0.6029 Acc: 0.8247

Epoch 3/99
----------
from_scratch ---> train Loss: 0.8504 Acc: 0.7486
from_scratch ---> val Loss: 0.6266 Acc: 0.8128

Epoch 4/99
----------
from_scratch ---> train Loss: 0.7340 Acc: 0.7834
from_scratch ---> val Loss: 0.4643 Acc: 0.8621

Epoch 5/99
----------
from_scratch ---> train Loss: 0.6289 Acc: 0.8128
from_scratch ---> val Loss: 0.3698 Acc: 0.8877

Epoch 6/99
----------
from_scratch ---> train Loss: 0.5545 Acc: 0.8346
from_scratch ---> val Loss: 0.3309 Acc: 0.9012

Epoch 7/99
----------
from_scratch ---> train Loss: 0.4971 Acc: 0.8501
from_scratch ---> val Loss: 0.2840 Acc: 0.9171

Epoch 8/99
----------
from_scratch ---> train Loss: 0.4580 Acc: 0.8621
from_scratch ---> val Loss: 0.2595 Acc: 0.9192

Epoch 9/99
----------
from_scratch ---> train Loss: 0.4160 Acc: 0.8757
from_scratch ---> val Loss: 0.2195 Acc: 0.9344

Epoch 10/99
----------
from_scratch ---> train Loss: 0.3832 Acc: 0.8857
from_scratch ---> val Loss: 0.2407 Acc: 0.9276

Epoch 11/99
----------
from_scratch ---> train Loss: 0.3617 Acc: 0.8918
from_scratch ---> val Loss: 0.2293 Acc: 0.9298

Epoch 12/99
----------
from_scratch ---> train Loss: 0.3342 Acc: 0.8997
from_scratch ---> val Loss: 0.2416 Acc: 0.9296

Epoch 13/99
----------
from_scratch ---> train Loss: 0.3056 Acc: 0.9082
from_scratch ---> val Loss: 0.1889 Acc: 0.9433

Epoch 14/99
----------
from_scratch ---> train Loss: 0.2883 Acc: 0.9117
from_scratch ---> val Loss: 0.1690 Acc: 0.9487

Epoch 15/99
----------
from_scratch ---> train Loss: 0.2773 Acc: 0.9163
from_scratch ---> val Loss: 0.1573 Acc: 0.9538

Epoch 16/99
----------
from_scratch ---> train Loss: 0.2716 Acc: 0.9177
from_scratch ---> val Loss: 0.1905 Acc: 0.9417

Epoch 17/99
----------
from_scratch ---> train Loss: 0.2519 Acc: 0.9229
from_scratch ---> val Loss: 0.1593 Acc: 0.9517

Epoch 18/99
----------
from_scratch ---> train Loss: 0.2429 Acc: 0.9260
from_scratch ---> val Loss: 0.1633 Acc: 0.9496

Epoch 19/99
----------
from_scratch ---> train Loss: 0.2268 Acc: 0.9310
from_scratch ---> val Loss: 0.1514 Acc: 0.9555

Epoch 20/99
----------
from_scratch ---> train Loss: 0.2173 Acc: 0.9341
from_scratch ---> val Loss: 0.1293 Acc: 0.9600

Epoch 21/99
----------
from_scratch ---> train Loss: 0.2083 Acc: 0.9359
from_scratch ---> val Loss: 0.1435 Acc: 0.9579

Epoch 22/99
----------
from_scratch ---> train Loss: 0.2007 Acc: 0.9380
from_scratch ---> val Loss: 0.1393 Acc: 0.9556

Epoch 23/99
----------
from_scratch ---> train Loss: 0.1925 Acc: 0.9404
from_scratch ---> val Loss: 0.1117 Acc: 0.9642

Epoch 24/99
----------
from_scratch ---> train Loss: 0.1922 Acc: 0.9421
from_scratch ---> val Loss: 0.1400 Acc: 0.9570

Epoch 25/99
----------
from_scratch ---> train Loss: 0.1764 Acc: 0.9444
from_scratch ---> val Loss: 0.1085 Acc: 0.9675

Epoch 26/99
----------
from_scratch ---> train Loss: 0.1775 Acc: 0.9453
from_scratch ---> val Loss: 0.1121 Acc: 0.9656

Epoch 27/99
----------
from_scratch ---> train Loss: 0.1736 Acc: 0.9465
from_scratch ---> val Loss: 0.1180 Acc: 0.9655

Epoch 28/99
----------
from_scratch ---> train Loss: 0.1699 Acc: 0.9469
from_scratch ---> val Loss: 0.0977 Acc: 0.9682

Epoch 29/99
----------
from_scratch ---> train Loss: 0.1596 Acc: 0.9494
from_scratch ---> val Loss: 0.1036 Acc: 0.9674

Epoch 30/99
----------
from_scratch ---> train Loss: 0.1553 Acc: 0.9519
from_scratch ---> val Loss: 0.0973 Acc: 0.9702

Epoch 31/99
----------
from_scratch ---> train Loss: 0.1493 Acc: 0.9534
from_scratch ---> val Loss: 0.1148 Acc: 0.9638

Epoch 32/99
----------
from_scratch ---> train Loss: 0.1476 Acc: 0.9543
from_scratch ---> val Loss: 0.0997 Acc: 0.9688

Epoch 33/99
----------
from_scratch ---> train Loss: 0.1451 Acc: 0.9549
from_scratch ---> val Loss: 0.0918 Acc: 0.9698

Epoch 34/99
----------
from_scratch ---> train Loss: 0.1450 Acc: 0.9549
from_scratch ---> val Loss: 0.1138 Acc: 0.9631

Epoch 35/99
----------
from_scratch ---> train Loss: 0.1353 Acc: 0.9577
from_scratch ---> val Loss: 0.0829 Acc: 0.9746

Epoch 36/99
----------
from_scratch ---> train Loss: 0.1389 Acc: 0.9571
from_scratch ---> val Loss: 0.0847 Acc: 0.9749

Epoch 37/99
----------
from_scratch ---> train Loss: 0.1294 Acc: 0.9601
from_scratch ---> val Loss: 0.1068 Acc: 0.9676

Epoch 38/99
----------
from_scratch ---> train Loss: 0.1282 Acc: 0.9610
from_scratch ---> val Loss: 0.0770 Acc: 0.9766

Epoch 39/99
----------
from_scratch ---> train Loss: 0.1235 Acc: 0.9604
from_scratch ---> val Loss: 0.0930 Acc: 0.9718

Epoch 40/99
----------
from_scratch ---> train Loss: 0.1260 Acc: 0.9610
from_scratch ---> val Loss: 0.0813 Acc: 0.9747

Epoch 41/99
----------
from_scratch ---> train Loss: 0.1245 Acc: 0.9605
from_scratch ---> val Loss: 0.0944 Acc: 0.9693

Epoch 42/99
----------
from_scratch ---> train Loss: 0.1137 Acc: 0.9639
from_scratch ---> val Loss: 0.0908 Acc: 0.9729

Epoch 43/99
----------
from_scratch ---> train Loss: 0.1194 Acc: 0.9627
from_scratch ---> val Loss: 0.0798 Acc: 0.9754

Epoch 44/99
----------
from_scratch ---> train Loss: 0.1076 Acc: 0.9659
from_scratch ---> val Loss: 0.0854 Acc: 0.9734

Epoch 45/99
----------
from_scratch ---> train Loss: 0.1115 Acc: 0.9660
from_scratch ---> val Loss: 0.0736 Acc: 0.9766

Epoch 46/99
----------
from_scratch ---> train Loss: 0.1118 Acc: 0.9647
from_scratch ---> val Loss: 0.0703 Acc: 0.9773

Epoch 47/99
----------
from_scratch ---> train Loss: 0.1066 Acc: 0.9678
from_scratch ---> val Loss: 0.0809 Acc: 0.9750

Epoch 48/99
----------
from_scratch ---> train Loss: 0.1025 Acc: 0.9678
from_scratch ---> val Loss: 0.0768 Acc: 0.9761

Epoch 49/99
----------
from_scratch ---> train Loss: 0.1031 Acc: 0.9681
from_scratch ---> val Loss: 0.0809 Acc: 0.9758

Epoch 50/99
----------
from_scratch ---> train Loss: 0.0993 Acc: 0.9689
from_scratch ---> val Loss: 0.0613 Acc: 0.9810

Epoch 51/99
----------
from_scratch ---> train Loss: 0.1021 Acc: 0.9674
from_scratch ---> val Loss: 0.0694 Acc: 0.9785

Epoch 52/99
----------
from_scratch ---> train Loss: 0.1025 Acc: 0.9684
from_scratch ---> val Loss: 0.0682 Acc: 0.9801

Epoch 53/99
----------
from_scratch ---> train Loss: 0.1030 Acc: 0.9677
from_scratch ---> val Loss: 0.0847 Acc: 0.9741

Epoch 54/99
----------
from_scratch ---> train Loss: 0.0937 Acc: 0.9706
from_scratch ---> val Loss: 0.0619 Acc: 0.9805

Epoch 55/99
----------
from_scratch ---> train Loss: 0.0965 Acc: 0.9688
from_scratch ---> val Loss: 0.0739 Acc: 0.9780

Epoch 56/99
----------
from_scratch ---> train Loss: 0.0919 Acc: 0.9699
from_scratch ---> val Loss: 0.0762 Acc: 0.9751

Epoch 57/99
----------
from_scratch ---> train Loss: 0.0915 Acc: 0.9705
from_scratch ---> val Loss: 0.0672 Acc: 0.9789

Epoch 58/99
----------
from_scratch ---> train Loss: 0.0862 Acc: 0.9723
from_scratch ---> val Loss: 0.0719 Acc: 0.9790

Epoch 59/99
----------
from_scratch ---> train Loss: 0.0897 Acc: 0.9718
from_scratch ---> val Loss: 0.0592 Acc: 0.9811

Epoch 60/99
----------
from_scratch ---> train Loss: 0.0839 Acc: 0.9730
from_scratch ---> val Loss: 0.0656 Acc: 0.9790

Epoch 61/99
----------
from_scratch ---> train Loss: 0.0873 Acc: 0.9723
from_scratch ---> val Loss: 0.0683 Acc: 0.9790

Epoch 62/99
----------
from_scratch ---> train Loss: 0.0857 Acc: 0.9731
from_scratch ---> val Loss: 0.0615 Acc: 0.9810

Epoch 63/99
----------
from_scratch ---> train Loss: 0.0861 Acc: 0.9730
from_scratch ---> val Loss: 0.0666 Acc: 0.9795

Epoch 64/99
----------
from_scratch ---> train Loss: 0.0876 Acc: 0.9718
from_scratch ---> val Loss: 0.0675 Acc: 0.9791

Epoch 65/99
----------
from_scratch ---> train Loss: 0.0809 Acc: 0.9747
from_scratch ---> val Loss: 0.0658 Acc: 0.9803

Epoch 66/99
----------
from_scratch ---> train Loss: 0.0871 Acc: 0.9736
from_scratch ---> val Loss: 0.0663 Acc: 0.9807

Epoch 67/99
----------
from_scratch ---> train Loss: 0.0801 Acc: 0.9752
from_scratch ---> val Loss: 0.0599 Acc: 0.9794

Epoch 68/99
----------
from_scratch ---> train Loss: 0.0770 Acc: 0.9752
from_scratch ---> val Loss: 0.0538 Acc: 0.9825

Epoch 69/99
----------
from_scratch ---> train Loss: 0.0837 Acc: 0.9738
from_scratch ---> val Loss: 0.0616 Acc: 0.9800

Epoch 70/99
----------
from_scratch ---> train Loss: 0.0820 Acc: 0.9742
from_scratch ---> val Loss: 0.0659 Acc: 0.9782

Epoch 71/99
----------
from_scratch ---> train Loss: 0.0782 Acc: 0.9757
from_scratch ---> val Loss: 0.0614 Acc: 0.9809

Epoch 72/99
----------
from_scratch ---> train Loss: 0.0778 Acc: 0.9754
from_scratch ---> val Loss: 0.0537 Acc: 0.9824

Epoch 73/99
----------
from_scratch ---> train Loss: 0.0753 Acc: 0.9757
from_scratch ---> val Loss: 0.0551 Acc: 0.9817

Epoch 74/99
----------
from_scratch ---> train Loss: 0.0772 Acc: 0.9758
from_scratch ---> val Loss: 0.0540 Acc: 0.9817

Epoch 75/99
----------
from_scratch ---> train Loss: 0.0740 Acc: 0.9759
from_scratch ---> val Loss: 0.0524 Acc: 0.9825

Epoch 76/99
----------
from_scratch ---> train Loss: 0.0766 Acc: 0.9758
from_scratch ---> val Loss: 0.0537 Acc: 0.9846

Epoch 77/99
----------
from_scratch ---> train Loss: 0.0760 Acc: 0.9755
from_scratch ---> val Loss: 0.0527 Acc: 0.9840

Epoch 78/99
----------
from_scratch ---> train Loss: 0.0706 Acc: 0.9772
from_scratch ---> val Loss: 0.0546 Acc: 0.9837

Epoch 79/99
----------
from_scratch ---> train Loss: 0.0709 Acc: 0.9779
from_scratch ---> val Loss: 0.0710 Acc: 0.9795

Epoch 80/99
----------
from_scratch ---> train Loss: 0.0739 Acc: 0.9768
from_scratch ---> val Loss: 0.0488 Acc: 0.9850

Epoch 81/99
----------
from_scratch ---> train Loss: 0.0711 Acc: 0.9775
from_scratch ---> val Loss: 0.0494 Acc: 0.9854

Epoch 82/99
----------
from_scratch ---> train Loss: 0.0685 Acc: 0.9785
from_scratch ---> val Loss: 0.0554 Acc: 0.9833

Epoch 83/99
----------
from_scratch ---> train Loss: 0.0694 Acc: 0.9782
from_scratch ---> val Loss: 0.0498 Acc: 0.9852

Epoch 84/99
----------
from_scratch ---> train Loss: 0.0733 Acc: 0.9766
from_scratch ---> val Loss: 0.0483 Acc: 0.9849

Epoch 85/99
----------
from_scratch ---> train Loss: 0.0675 Acc: 0.9788
from_scratch ---> val Loss: 0.0543 Acc: 0.9814

Epoch 86/99
----------
from_scratch ---> train Loss: 0.0660 Acc: 0.9790
from_scratch ---> val Loss: 0.0467 Acc: 0.9847

Epoch 87/99
----------
from_scratch ---> train Loss: 0.0651 Acc: 0.9792
from_scratch ---> val Loss: 0.0484 Acc: 0.9859

Epoch 88/99
----------
from_scratch ---> train Loss: 0.0666 Acc: 0.9783
from_scratch ---> val Loss: 0.0480 Acc: 0.9849

Epoch 89/99
----------
from_scratch ---> train Loss: 0.0649 Acc: 0.9792
from_scratch ---> val Loss: 0.0579 Acc: 0.9828

Epoch 90/99
----------
from_scratch ---> train Loss: 0.0642 Acc: 0.9796
from_scratch ---> val Loss: 0.0506 Acc: 0.9849

Epoch 91/99
----------
from_scratch ---> train Loss: 0.0693 Acc: 0.9778
from_scratch ---> val Loss: 0.0514 Acc: 0.9849

Epoch 92/99
----------
from_scratch ---> train Loss: 0.0622 Acc: 0.9795
from_scratch ---> val Loss: 0.0562 Acc: 0.9822

Epoch 93/99
----------
from_scratch ---> train Loss: 0.0634 Acc: 0.9796
from_scratch ---> val Loss: 0.0506 Acc: 0.9844

Epoch 94/99
----------
from_scratch ---> train Loss: 0.0639 Acc: 0.9794
from_scratch ---> val Loss: 0.0444 Acc: 0.9852

Epoch 95/99
----------
from_scratch ---> train Loss: 0.0632 Acc: 0.9803
from_scratch ---> val Loss: 0.0507 Acc: 0.9839

Epoch 96/99
----------
from_scratch ---> train Loss: 0.0663 Acc: 0.9796
from_scratch ---> val Loss: 0.0529 Acc: 0.9839

Epoch 97/99
----------
from_scratch ---> train Loss: 0.0599 Acc: 0.9808
from_scratch ---> val Loss: 0.0573 Acc: 0.9838

Epoch 98/99
----------
from_scratch ---> train Loss: 0.0591 Acc: 0.9818
from_scratch ---> val Loss: 0.0445 Acc: 0.9867

Epoch 99/99
----------
from_scratch ---> train Loss: 0.0630 Acc: 0.9801
from_scratch ---> val Loss: 0.0509 Acc: 0.9828

from_scratch ---> Training complete in 790m 39s
from_scratch ---> Best val Acc: 0.986745
############################################## from_scratch ###############################################################
