PyTorch Version:  1.12.1
Torchvision Version:  0.13.1
The selected epochs is: 30
The selected feature_extract is: False
The selected use_pretrained is: True
The selected mode is: fine_tuning
The selected device is: cuda:1
Using pretrained model!!
VGG(
  (features): Sequential(
    (0): Conv2d(3, 64, kernel_size=(3, 3), stride=(1, 1), padding=(1, 1))
    (1): BatchNorm2d(64, eps=1e-05, momentum=0.1, affine=True, track_running_stats=True)
    (2): ReLU(inplace=True)
    (3): Conv2d(64, 64, kernel_size=(3, 3), stride=(1, 1), padding=(1, 1))
    (4): BatchNorm2d(64, eps=1e-05, momentum=0.1, affine=True, track_running_stats=True)
    (5): ReLU(inplace=True)
    (6): MaxPool2d(kernel_size=2, stride=2, padding=0, dilation=1, ceil_mode=False)
    (7): Conv2d(64, 128, kernel_size=(3, 3), stride=(1, 1), padding=(1, 1))
    (8): BatchNorm2d(128, eps=1e-05, momentum=0.1, affine=True, track_running_stats=True)
    (9): ReLU(inplace=True)
    (10): Conv2d(128, 128, kernel_size=(3, 3), stride=(1, 1), padding=(1, 1))
    (11): BatchNorm2d(128, eps=1e-05, momentum=0.1, affine=True, track_running_stats=True)
    (12): ReLU(inplace=True)
    (13): MaxPool2d(kernel_size=2, stride=2, padding=0, dilation=1, ceil_mode=False)
    (14): Conv2d(128, 256, kernel_size=(3, 3), stride=(1, 1), padding=(1, 1))
    (15): BatchNorm2d(256, eps=1e-05, momentum=0.1, affine=True, track_running_stats=True)
    (16): ReLU(inplace=True)
    (17): Conv2d(256, 256, kernel_size=(3, 3), stride=(1, 1), padding=(1, 1))
    (18): BatchNorm2d(256, eps=1e-05, momentum=0.1, affine=True, track_running_stats=True)
    (19): ReLU(inplace=True)
    (20): Conv2d(256, 256, kernel_size=(3, 3), stride=(1, 1), padding=(1, 1))
    (21): BatchNorm2d(256, eps=1e-05, momentum=0.1, affine=True, track_running_stats=True)
    (22): ReLU(inplace=True)
    (23): MaxPool2d(kernel_size=2, stride=2, padding=0, dilation=1, ceil_mode=False)
    (24): Conv2d(256, 512, kernel_size=(3, 3), stride=(1, 1), padding=(1, 1))
    (25): BatchNorm2d(512, eps=1e-05, momentum=0.1, affine=True, track_running_stats=True)
    (26): ReLU(inplace=True)
    (27): Conv2d(512, 512, kernel_size=(3, 3), stride=(1, 1), padding=(1, 1))
    (28): BatchNorm2d(512, eps=1e-05, momentum=0.1, affine=True, track_running_stats=True)
    (29): ReLU(inplace=True)
    (30): Conv2d(512, 512, kernel_size=(3, 3), stride=(1, 1), padding=(1, 1))
    (31): BatchNorm2d(512, eps=1e-05, momentum=0.1, affine=True, track_running_stats=True)
    (32): ReLU(inplace=True)
    (33): MaxPool2d(kernel_size=2, stride=2, padding=0, dilation=1, ceil_mode=False)
    (34): Conv2d(512, 512, kernel_size=(3, 3), stride=(1, 1), padding=(1, 1))
    (35): BatchNorm2d(512, eps=1e-05, momentum=0.1, affine=True, track_running_stats=True)
    (36): ReLU(inplace=True)
    (37): Conv2d(512, 512, kernel_size=(3, 3), stride=(1, 1), padding=(1, 1))
    (38): BatchNorm2d(512, eps=1e-05, momentum=0.1, affine=True, track_running_stats=True)
    (39): ReLU(inplace=True)
    (40): Conv2d(512, 512, kernel_size=(3, 3), stride=(1, 1), padding=(1, 1))
    (41): BatchNorm2d(512, eps=1e-05, momentum=0.1, affine=True, track_running_stats=True)
    (42): ReLU(inplace=True)
    (43): MaxPool2d(kernel_size=2, stride=2, padding=0, dilation=1, ceil_mode=False)
  )
  (avgpool): AdaptiveAvgPool2d(output_size=(7, 7))
  (classifier): Sequential(
    (0): Linear(in_features=25088, out_features=4096, bias=True)
    (1): ReLU(inplace=True)
    (2): Dropout(p=0.5, inplace=False)
    (3): Linear(in_features=4096, out_features=4096, bias=True)
    (4): ReLU(inplace=True)
    (5): Dropout(p=0.5, inplace=False)
    (6): Linear(in_features=4096, out_features=39, bias=True)
  )
)
Params to learn:
	 features.0.weight
	 features.0.bias
	 features.1.weight
	 features.1.bias
	 features.3.weight
	 features.3.bias
	 features.4.weight
	 features.4.bias
	 features.7.weight
	 features.7.bias
	 features.8.weight
	 features.8.bias
	 features.10.weight
	 features.10.bias
	 features.11.weight
	 features.11.bias
	 features.14.weight
	 features.14.bias
	 features.15.weight
	 features.15.bias
	 features.17.weight
	 features.17.bias
	 features.18.weight
	 features.18.bias
	 features.20.weight
	 features.20.bias
	 features.21.weight
	 features.21.bias
	 features.24.weight
	 features.24.bias
	 features.25.weight
	 features.25.bias
	 features.27.weight
	 features.27.bias
	 features.28.weight
	 features.28.bias
	 features.30.weight
	 features.30.bias
	 features.31.weight
	 features.31.bias
	 features.34.weight
	 features.34.bias
	 features.35.weight
	 features.35.bias
	 features.37.weight
	 features.37.bias
	 features.38.weight
	 features.38.bias
	 features.40.weight
	 features.40.bias
	 features.41.weight
	 features.41.bias
	 classifier.0.weight
	 classifier.0.bias
	 classifier.3.weight
	 classifier.3.bias
	 classifier.6.weight
	 classifier.6.bias
Epoch 0/29
----------
fine_tuning ---> train Loss: 0.5023 Acc: 0.8515
fine_tuning ---> val Loss: 0.1887 Acc: 0.9394

Epoch 1/29
----------
fine_tuning ---> train Loss: 0.2227 Acc: 0.9304
fine_tuning ---> val Loss: 0.1090 Acc: 0.9654

Epoch 2/29
----------
fine_tuning ---> train Loss: 0.1644 Acc: 0.9477
fine_tuning ---> val Loss: 0.1121 Acc: 0.9642

Epoch 3/29
----------
fine_tuning ---> train Loss: 0.1378 Acc: 0.9571
fine_tuning ---> val Loss: 0.0858 Acc: 0.9722

Epoch 4/29
----------
fine_tuning ---> train Loss: 0.1256 Acc: 0.9605
fine_tuning ---> val Loss: 0.0804 Acc: 0.9731

Epoch 5/29
----------
fine_tuning ---> train Loss: 0.1044 Acc: 0.9666
fine_tuning ---> val Loss: 0.0718 Acc: 0.9792

Epoch 6/29
----------
fine_tuning ---> train Loss: 0.1017 Acc: 0.9681
fine_tuning ---> val Loss: 0.0686 Acc: 0.9786

Epoch 7/29
----------
fine_tuning ---> train Loss: 0.0918 Acc: 0.9706
fine_tuning ---> val Loss: 0.0681 Acc: 0.9784

Epoch 8/29
----------
fine_tuning ---> train Loss: 0.0898 Acc: 0.9713
fine_tuning ---> val Loss: 0.0709 Acc: 0.9770

Epoch 9/29
----------
fine_tuning ---> train Loss: 0.0838 Acc: 0.9727
fine_tuning ---> val Loss: 0.0643 Acc: 0.9802

Epoch 10/29
----------
fine_tuning ---> train Loss: 0.0815 Acc: 0.9741
fine_tuning ---> val Loss: 0.0627 Acc: 0.9790

Epoch 11/29
----------
fine_tuning ---> train Loss: 0.0758 Acc: 0.9752
fine_tuning ---> val Loss: 0.0599 Acc: 0.9830

Epoch 12/29
----------
fine_tuning ---> train Loss: 0.0748 Acc: 0.9765
fine_tuning ---> val Loss: 0.0637 Acc: 0.9816

Epoch 13/29
----------
fine_tuning ---> train Loss: 0.0676 Acc: 0.9791
fine_tuning ---> val Loss: 0.0547 Acc: 0.9823

Epoch 14/29
----------
fine_tuning ---> train Loss: 0.0677 Acc: 0.9781
fine_tuning ---> val Loss: 0.0516 Acc: 0.9848

Epoch 15/29
----------
fine_tuning ---> train Loss: 0.0647 Acc: 0.9786
fine_tuning ---> val Loss: 0.0580 Acc: 0.9824

Epoch 16/29
----------
fine_tuning ---> train Loss: 0.0639 Acc: 0.9797
fine_tuning ---> val Loss: 0.0610 Acc: 0.9808

Epoch 17/29
----------
fine_tuning ---> train Loss: 0.0590 Acc: 0.9811
fine_tuning ---> val Loss: 0.0535 Acc: 0.9836

Epoch 18/29
----------
fine_tuning ---> train Loss: 0.0571 Acc: 0.9823
fine_tuning ---> val Loss: 0.0486 Acc: 0.9841

Epoch 19/29
----------
fine_tuning ---> train Loss: 0.0554 Acc: 0.9816
fine_tuning ---> val Loss: 0.0413 Acc: 0.9868

Epoch 20/29
----------
fine_tuning ---> train Loss: 0.0552 Acc: 0.9819
fine_tuning ---> val Loss: 0.0423 Acc: 0.9869

Epoch 21/29
----------
fine_tuning ---> train Loss: 0.0533 Acc: 0.9831
fine_tuning ---> val Loss: 0.0585 Acc: 0.9803

Epoch 22/29
----------
fine_tuning ---> train Loss: 0.0533 Acc: 0.9829
fine_tuning ---> val Loss: 0.0592 Acc: 0.9812

Epoch 23/29
----------
fine_tuning ---> train Loss: 0.0504 Acc: 0.9846
fine_tuning ---> val Loss: 0.0532 Acc: 0.9838

Epoch 24/29
----------
fine_tuning ---> train Loss: 0.0495 Acc: 0.9844
fine_tuning ---> val Loss: 0.0480 Acc: 0.9869

Epoch 25/29
----------
fine_tuning ---> train Loss: 0.0468 Acc: 0.9850
fine_tuning ---> val Loss: 0.0510 Acc: 0.9839

Epoch 26/29
----------
fine_tuning ---> train Loss: 0.0472 Acc: 0.9857
fine_tuning ---> val Loss: 0.0441 Acc: 0.9858

Epoch 27/29
----------
fine_tuning ---> train Loss: 0.0432 Acc: 0.9857
fine_tuning ---> val Loss: 0.0499 Acc: 0.9858

Epoch 28/29
----------
fine_tuning ---> train Loss: 0.0471 Acc: 0.9844
fine_tuning ---> val Loss: 0.0469 Acc: 0.9855

Epoch 29/29
----------
fine_tuning ---> train Loss: 0.0445 Acc: 0.9857
fine_tuning ---> val Loss: 0.0523 Acc: 0.9830

fine_tuning ---> Training complete in 1073m 37s
fine_tuning ---> Best val Acc: 0.986925
############################################## fine_tuning ###############################################################
